#
# A fatal error has been detected by the Java Runtime Environment:
#
#  EXCEPTION_ACCESS_VIOLATION (0xc0000005) at pc=0x61c37c2a, pid=1116, tid=4868
#
# JRE version: Java(TM) SE Runtime Environment (7.0_45-b18) (build 1.7.0_45-b18)
# Java VM: Java HotSpot(TM) Client VM (24.45-b08 mixed mode, sharing windows-x86 )
# Problematic frame:
# C  [ProtossXVR-driver-x86.dll+0x27c2a]
#
# Failed to write core dump. Minidumps are not enabled by default on client versions of Windows
#
# If you would like to submit a bug report, please visit:
#   http://bugreport.sun.com/bugreport/crash.jsp
# The crash happened outside the Java Virtual Machine in native code.
# See problematic frame for where to report the bug.
#

---------------  T H R E A D  ---------------

Current thread (0x0096bc00):  JavaThread "main" [_thread_in_native, id=4868, stack(0x00320000,0x00370000)]

siginfo: ExceptionCode=0xc0000005, writing address 0x06cf7000

Registers:
EAX=0x06cf6fec, EBX=0xffffffff, ECX=0x06d00024, EDX=0x00000000
ESP=0x0036ebf4, EBP=0x0036ec88, ESI=0x00000000, EDI=0x07619ca0
EIP=0x61c37c2a, EFLAGS=0x00010206

Top of Stack: (sp=0x0036ebf4)
0x0036ebf4:   59e510ff 61d591fc 07619ca0 00000e6a
0x0036ec04:   2430f750 0000000f 0255fce6 601a3bf1
0x0036ec14:   00001198 0000000a 00000139 ffffffff
0x0036ec24:   00000534 00000e6a 00000000 29613d08
0x0036ec34:   2430f910 00000005 0000014f 0000000a
0x0036ec44:   2955abe0 2430fac8 02558c00 61d597f4
0x0036ec54:   07619ca0 0000000a 00000000 00000534
0x0036ec64:   00000e6a 00000000 ffffffff ffffffff 

Instructions: (pc=0x61c37c2a)
0x61c37c0a:   8b 54 24 28 89 50 04 8b 54 24 2c 89 50 08 8b 54
0x61c37c1a:   24 30 89 50 0c 8b 54 24 34 89 50 10 8b 54 24 38
0x61c37c2a:   89 50 14 8b 09 ff 81 88 44 05 01 8b 0d a8 6f dd
0x61c37c3a:   61 8b 01 8b 50 50 c7 44 24 5c fc 97 d5 61 ff d2 


Register to memory mapping:

EAX=0x06cf6fec is an unknown value
EBX=0xffffffff is an unknown value
ECX=0x06d00024 is an unknown value
EDX=0x00000000 is an unknown value
ESP=0x0036ebf4 is pointing into the stack for thread: 0x0096bc00
EBP=0x0036ec88 is pointing into the stack for thread: 0x0096bc00
ESI=0x00000000 is an unknown value
EDI=0x07619ca0 is an unknown value


Stack: [0x00320000,0x00370000],  sp=0x0036ebf4,  free space=314k
Native frames: (J=compiled Java code, j=interpreted, Vv=VM code, C=native code)
C  [ProtossXVR-driver-x86.dll+0x27c2a]
C  [ProtossXVR-driver-x86.dll+0x26b52]
J  jnibwapi.JNIBWAPI.move(III)Z
J  ai.handling.units.UnitActions.moveAwayFromUnitIfPossible(Ljnibwapi/model/Unit;Lai/handling/map/MapPoint;I)V
j  ai.handling.constructing.Constructing.shouldBuildAnyBuilding()[I+222
j  ai.protoss.ProtossGateway.act(Ljnibwapi/model/Unit;)V+0
j  ai.managers.ArmyCreationManager.act()V+78
J  ai.core.XVR.act()V
V  [jvm.dll+0x13f1fa]
V  [jvm.dll+0x202aee]
V  [jvm.dll+0x13f27d]
V  [jvm.dll+0xc9bc2]
V  [jvm.dll+0xcbbd3]
C  [ProtossXVR-driver-x86.dll+0x11ba]
C  [ProtossXVR-driver-x86.dll+0x1483]
j  jnibwapi.JNIBWAPI.startClient(Ljnibwapi/JNIBWAPI;)V+0
j  jnibwapi.JNIBWAPI.start()V+2
j  ai.core.XVRClient.<init>()V+57
j  ai.core.XVRClient.main([Ljava/lang/String;)V+3
v  ~StubRoutines::call_stub
V  [jvm.dll+0x13f1fa]
V  [jvm.dll+0x202aee]
V  [jvm.dll+0x13f27d]
V  [jvm.dll+0xc9945]
V  [jvm.dll+0xd45e7]
C  [javaw.exe+0x2070]
C  [javaw.exe+0xa5b1]
C  [javaw.exe+0xa63b]
C  [kernel32.dll+0x1336a]
C  [ntdll.dll+0x39f72]
C  [ntdll.dll+0x39f45]

Java frames: (J=compiled Java code, j=interpreted, Vv=VM code)
J  jnibwapi.JNIBWAPI.move(III)Z
J  ai.handling.units.UnitActions.moveAwayFromUnitIfPossible(Ljnibwapi/model/Unit;Lai/handling/map/MapPoint;I)V
J  ai.handling.constructing.Constructing.isBuildTileFreeFromUnits(III)Z
J  ai.handling.constructing.Constructing.getLegitTileToBuildNear(IIIIIIZ)Lai/handling/map/MapPoint;
J  ai.protoss.ProtossPylon.findTileNearPylonForNewBuilding(Ljnibwapi/types/UnitType$UnitTypes;)Lai/handling/map/MapPoint;
j  ai.protoss.ProtossPylon.shouldBuild()Z+193
j  ai.handling.constructing.Constructing.shouldBuildAnyBuilding()[I+222
j  ai.protoss.ProtossGateway.act(Ljnibwapi/model/Unit;)V+0
j  ai.managers.ArmyCreationManager.act()V+78
J  ai.core.XVR.act()V
J  jnibwapi.JNIBWAPI.gameUpdate()V
v  ~StubRoutines::call_stub
j  jnibwapi.JNIBWAPI.startClient(Ljnibwapi/JNIBWAPI;)V+0
j  jnibwapi.JNIBWAPI.start()V+2
j  ai.core.XVRClient.<init>()V+57
j  ai.core.XVRClient.main([Ljava/lang/String;)V+3
v  ~StubRoutines::call_stub

---------------  P R O C E S S  ---------------

Java Threads: ( => current thread )
  0x00abec00 JavaThread "Service Thread" daemon [_thread_blocked, id=4804, stack(0x04760000,0x047b0000)]
  0x00ab4800 JavaThread "C1 CompilerThread0" daemon [_thread_blocked, id=3052, stack(0x00f90000,0x00fe0000)]
  0x00ab3400 JavaThread "Attach Listener" daemon [_thread_blocked, id=1596, stack(0x04530000,0x04580000)]
  0x00ab0400 JavaThread "Signal Dispatcher" daemon [_thread_blocked, id=5052, stack(0x01010000,0x01060000)]
  0x00a42400 JavaThread "Finalizer" daemon [_thread_blocked, id=4860, stack(0x00c60000,0x00cb0000)]
  0x00a40c00 JavaThread "Reference Handler" daemon [_thread_blocked, id=3112, stack(0x00f10000,0x00f60000)]
=>0x0096bc00 JavaThread "main" [_thread_in_native, id=4868, stack(0x00320000,0x00370000)]

Other Threads:
  0x00a3f400 VMThread [stack: 0x00ce0000,0x00d30000] [id=4676]
  0x00ad3800 WatcherThread [stack: 0x047b0000,0x04800000] [id=2760]

VM state:not at safepoint (normal execution)

VM Mutex/Monitor currently owned by a thread: None

Heap
 def new generation   total 4928K, used 3786K [0x23f70000, 0x244c0000, 0x294c0000)
  eden space 4416K,  85% used [0x23f70000, 0x24321da8, 0x243c0000)
  from space 512K,   0% used [0x24440000, 0x24440be0, 0x244c0000)
  to   space 512K,   0% used [0x243c0000, 0x243c0000, 0x24440000)
 tenured generation   total 10944K, used 1433K [0x294c0000, 0x29f70000, 0x33f70000)
   the space 10944K,  13% used [0x294c0000, 0x296267e8, 0x29626800, 0x29f70000)
 compacting perm gen  total 12288K, used 784K [0x33f70000, 0x34b70000, 0x37f70000)
   the space 12288K,   6% used [0x33f70000, 0x34034268, 0x34034400, 0x34b70000)
    ro space 10240K,  44% used [0x37f70000, 0x383e7808, 0x383e7a00, 0x38970000)
    rw space 12288K,  52% used [0x38970000, 0x38fbe610, 0x38fbe800, 0x39570000)

Card table byte_map: [0x00b10000,0x00bc0000] byte_map_base: 0x009f0480

Polling page: 0x00150000

Code Cache  [0x024a0000, 0x02628000, 0x044a0000)
 total_blobs=769 nmethods=628 adapters=78 free_code_cache=31211Kb largest_free_block=31961024

Compilation events (10 events):
Event: 189.664 Thread 0x00ab4800  624             ai.core.XVR::getInstance (4 bytes)
Event: 189.664 Thread 0x00ab4800 nmethod 624 0x02624248 code [0x02624340, 0x026243b0]
Event: 189.668 Thread 0x00ab4800  625             ai.handling.units.UnitActions::moveTo (17 bytes)
Event: 189.668 Thread 0x00ab4800 nmethod 625 0x02624408 code [0x02624510, 0x026245bc]
Event: 189.677 Thread 0x00ab4800  626             ai.handling.units.UnitActions::moveAwayFromUnitIfPossible (48 bytes)
Event: 189.678 Thread 0x00ab4800 nmethod 626 0x026246c8 code [0x026247f0, 0x02624914]
Event: 194.293 Thread 0x00ab4800  627             java.util.Collections$UnmodifiableCollection::toArray (10 bytes)
Event: 194.293 Thread 0x00ab4800 nmethod 627 0x02624a88 code [0x02624b90, 0x02624c2c]
Event: 211.106 Thread 0x00ab4800  628             ai.utils.RUtilities::getRandomElement (56 bytes)
Event: 211.106 Thread 0x00ab4800 nmethod 628 0x02624c88 code [0x02624dd0, 0x02624f1c]

GC Heap History (10 events):
Event: 238.590 GC heap before
{Heap before GC invocations=1802 (full 0):
 def new generation   total 4928K, used 4418K [0x23f70000, 0x244c0000, 0x294c0000)
  eden space 4416K, 100% used [0x23f70000, 0x243c0000, 0x243c0000)
  from space 512K,   0% used [0x243c0000, 0x243c0af8, 0x24440000)
  to   space 512K,   0% used [0x24440000, 0x24440000, 0x244c0000)
 tenured generation   total 10944K, used 1433K [0x294c0000, 0x29f70000, 0x33f70000)
   the space 10944K,  13% used [0x294c0000, 0x296267e8, 0x29626800, 0x29f70000)
 compacting perm gen  total 12288K, used 784K [0x33f70000, 0x34b70000, 0x37f70000)
   the space 12288K,   6% used [0x33f70000, 0x34034268, 0x34034400, 0x34b70000)
    ro space 10240K,  44% used [0x37f70000, 0x383e7808, 0x383e7a00, 0x38970000)
    rw space 12288K,  52% used [0x38970000, 0x38fbe610, 0x38fbe800, 0x39570000)
Event: 238.590 GC heap after
Heap after GC invocations=1803 (full 0):
 def new generation   total 4928K, used 2K [0x23f70000, 0x244c0000, 0x294c0000)
  eden space 4416K,   0% used [0x23f70000, 0x23f70000, 0x243c0000)
  from space 512K,   0% used [0x24440000, 0x24440ae8, 0x244c0000)
  to   space 512K,   0% used [0x243c0000, 0x243c0000, 0x24440000)
 tenured generation   total 10944K, used 1433K [0x294c0000, 0x29f70000, 0x33f70000)
   the space 10944K,  13% used [0x294c0000, 0x296267e8, 0x29626800, 0x29f70000)
 compacting perm gen  total 12288K, used 784K [0x33f70000, 0x34b70000, 0x37f70000)
   the space 12288K,   6% used [0x33f70000, 0x34034268, 0x34034400, 0x34b70000)
    ro space 10240K,  44% used [0x37f70000, 0x383e7808, 0x383e7a00, 0x38970000)
    rw space 12288K,  52% used [0x38970000, 0x38fbe610, 0x38fbe800, 0x39570000)
}
Event: 238.638 GC heap before
{Heap before GC invocations=1803 (full 0):
 def new generation   total 4928K, used 4418K [0x23f70000, 0x244c0000, 0x294c0000)
  eden space 4416K, 100% used [0x23f70000, 0x243c0000, 0x243c0000)
  from space 512K,   0% used [0x24440000, 0x24440ae8, 0x244c0000)
  to   space 512K,   0% used [0x243c0000, 0x243c0000, 0x24440000)
 tenured generation   total 10944K, used 1433K [0x294c0000, 0x29f70000, 0x33f70000)
   the space 10944K,  13% used [0x294c0000, 0x296267e8, 0x29626800, 0x29f70000)
 compacting perm gen  total 12288K, used 784K [0x33f70000, 0x34b70000, 0x37f70000)
   the space 12288K,   6% used [0x33f70000, 0x34034268, 0x34034400, 0x34b70000)
    ro space 10240K,  44% used [0x37f70000, 0x383e7808, 0x383e7a00, 0x38970000)
    rw space 12288K,  52% used [0x38970000, 0x38fbe610, 0x38fbe800, 0x39570000)
Event: 238.638 GC heap after
Heap after GC invocations=1804 (full 0):
 def new generation   total 4928K, used 2K [0x23f70000, 0x244c0000, 0x294c0000)
  eden space 4416K,   0% used [0x23f70000, 0x23f70000, 0x243c0000)
  from space 512K,   0% used [0x243c0000, 0x243c0ac8, 0x24440000)
  to   space 512K,   0% used [0x24440000, 0x24440000, 0x244c0000)
 tenured generation   total 10944K, used 1433K [0x294c0000, 0x29f70000, 0x33f70000)
   the space 10944K,  13% used [0x294c0000, 0x296267e8, 0x29626800, 0x29f70000)
 compacting perm gen  total 12288K, used 784K [0x33f70000, 0x34b70000, 0x37f70000)
   the space 12288K,   6% used [0x33f70000, 0x34034268, 0x34034400, 0x34b70000)
    ro space 10240K,  44% used [0x37f70000, 0x383e7808, 0x383e7a00, 0x38970000)
    rw space 12288K,  52% used [0x38970000, 0x38fbe610, 0x38fbe800, 0x39570000)
}
Event: 238.686 GC heap before
{Heap before GC invocations=1804 (full 0):
 def new generation   total 4928K, used 4418K [0x23f70000, 0x244c0000, 0x294c0000)
  eden space 4416K, 100% used [0x23f70000, 0x243c0000, 0x243c0000)
  from space 512K,   0% used [0x243c0000, 0x243c0ac8, 0x24440000)
  to   space 512K,   0% used [0x24440000, 0x24440000, 0x244c0000)
 tenured generation   total 10944K, used 1433K [0x294c0000, 0x29f70000, 0x33f70000)
   the space 10944K,  13% used [0x294c0000, 0x296267e8, 0x29626800, 0x29f70000)
 compacting perm gen  total 12288K, used 784K [0x33f70000, 0x34b70000, 0x37f70000)
   the space 12288K,   6% used [0x33f70000, 0x34034268, 0x34034400, 0x34b70000)
    ro space 10240K,  44% used [0x37f70000, 0x383e7808, 0x383e7a00, 0x38970000)
    rw space 12288K,  52% used [0x38970000, 0x38fbe610, 0x38fbe800, 0x39570000)
Event: 238.687 GC heap after
Heap after GC invocations=1805 (full 0):
 def new generation   total 4928K, used 2K [0x23f70000, 0x244c0000, 0x294c0000)
  eden space 4416K,   0% used [0x23f70000, 0x23f70000, 0x243c0000)
  from space 512K,   0% used [0x24440000, 0x24440bf8, 0x244c0000)
  to   space 512K,   0% used [0x243c0000, 0x243c0000, 0x24440000)
 tenured generation   total 10944K, used 1433K [0x294c0000, 0x29f70000, 0x33f70000)
   the space 10944K,  13% used [0x294c0000, 0x296267e8, 0x29626800, 0x29f70000)
 compacting perm gen  total 12288K, used 784K [0x33f70000, 0x34b70000, 0x37f70000)
   the space 12288K,   6% used [0x33f70000, 0x34034268, 0x34034400, 0x34b70000)
    ro space 10240K,  44% used [0x37f70000, 0x383e7808, 0x383e7a00, 0x38970000)
    rw space 12288K,  52% used [0x38970000, 0x38fbe610, 0x38fbe800, 0x39570000)
}
Event: 238.734 GC heap before
{Heap before GC invocations=1805 (full 0):
 def new generation   total 4928K, used 4418K [0x23f70000, 0x244c0000, 0x294c0000)
  eden space 4416K, 100% used [0x23f70000, 0x243c0000, 0x243c0000)
  from space 512K,   0% used [0x24440000, 0x24440bf8, 0x244c0000)
  to   space 512K,   0% used [0x243c0000, 0x243c0000, 0x24440000)
 tenured generation   total 10944K, used 1433K [0x294c0000, 0x29f70000, 0x33f70000)
   the space 10944K,  13% used [0x294c0000, 0x296267e8, 0x29626800, 0x29f70000)
 compacting perm gen  total 12288K, used 784K [0x33f70000, 0x34b70000, 0x37f70000)
   the space 12288K,   6% used [0x33f70000, 0x34034268, 0x34034400, 0x34b70000)
    ro space 10240K,  44% used [0x37f70000, 0x383e7808, 0x383e7a00, 0x38970000)
    rw space 12288K,  52% used [0x38970000, 0x38fbe610, 0x38fbe800, 0x39570000)
Event: 238.734 GC heap after
Heap after GC invocations=1806 (full 0):
 def new generation   total 4928K, used 2K [0x23f70000, 0x244c0000, 0x294c0000)
  eden space 4416K,   0% used [0x23f70000, 0x23f70000, 0x243c0000)
  from space 512K,   0% used [0x243c0000, 0x243c0b50, 0x24440000)
  to   space 512K,   0% used [0x24440000, 0x24440000, 0x244c0000)
 tenured generation   total 10944K, used 1433K [0x294c0000, 0x29f70000, 0x33f70000)
   the space 10944K,  13% used [0x294c0000, 0x296267e8, 0x29626800, 0x29f70000)
 compacting perm gen  total 12288K, used 784K [0x33f70000, 0x34b70000, 0x37f70000)
   the space 12288K,   6% used [0x33f70000, 0x34034268, 0x34034400, 0x34b70000)
    ro space 10240K,  44% used [0x37f70000, 0x383e7808, 0x383e7a00, 0x38970000)
    rw space 12288K,  52% used [0x38970000, 0x38fbe610, 0x38fbe800, 0x39570000)
}
Event: 238.781 GC heap before
{Heap before GC invocations=1806 (full 0):
 def new generation   total 4928K, used 4418K [0x23f70000, 0x244c0000, 0x294c0000)
  eden space 4416K, 100% used [0x23f70000, 0x243c0000, 0x243c0000)
  from space 512K,   0% used [0x243c0000, 0x243c0b50, 0x24440000)
  to   space 512K,   0% used [0x24440000, 0x24440000, 0x244c0000)
 tenured generation   total 10944K, used 1433K [0x294c0000, 0x29f70000, 0x33f70000)
   the space 10944K,  13% used [0x294c0000, 0x296267e8, 0x29626800, 0x29f70000)
 compacting perm gen  total 12288K, used 784K [0x33f70000, 0x34b70000, 0x37f70000)
   the space 12288K,   6% used [0x33f70000, 0x34034268, 0x34034400, 0x34b70000)
    ro space 10240K,  44% used [0x37f70000, 0x383e7808, 0x383e7a00, 0x38970000)
    rw space 12288K,  52% used [0x38970000, 0x38fbe610, 0x38fbe800, 0x39570000)
Event: 238.781 GC heap after
Heap after GC invocations=1807 (full 0):
 def new generation   total 4928K, used 2K [0x23f70000, 0x244c0000, 0x294c0000)
  eden space 4416K,   0% used [0x23f70000, 0x23f70000, 0x243c0000)
  from space 512K,   0% used [0x24440000, 0x24440be0, 0x244c0000)
  to   space 512K,   0% used [0x243c0000, 0x243c0000, 0x24440000)
 tenured generation   total 10944K, used 1433K [0x294c0000, 0x29f70000, 0x33f70000)
   the space 10944K,  13% used [0x294c0000, 0x296267e8, 0x29626800, 0x29f70000)
 compacting perm gen  total 12288K, used 784K [0x33f70000, 0x34b70000, 0x37f70000)
   the space 12288K,   6% used [0x33f70000, 0x34034268, 0x34034400, 0x34b70000)
    ro space 10240K,  44% used [0x37f70000, 0x383e7808, 0x383e7a00, 0x38970000)
    rw space 12288K,  52% used [0x38970000, 0x38fbe610, 0x38fbe800, 0x39570000)
}

Deoptimization events (0 events):
No events

Internal exceptions (10 events):
Event: 14.182 Thread 0x0096bc00 Threw 0x243a32c0 at C:\re\jdk7u45\229\hotspot\src\share\vm\prims\jvm.cpp:1244
Event: 14.188 Thread 0x0096bc00 Threw 0x243ab6b8 at C:\re\jdk7u45\229\hotspot\src\share\vm\prims\jvm.cpp:1244
Event: 14.189 Thread 0x0096bc00 Threw 0x243ae948 at C:\re\jdk7u45\229\hotspot\src\share\vm\prims\jvm.cpp:1244
Event: 14.190 Thread 0x0096bc00 Threw 0x243b2360 at C:\re\jdk7u45\229\hotspot\src\share\vm\prims\jvm.cpp:1244
Event: 14.215 Thread 0x0096bc00 Threw 0x23f7c290 at C:\re\jdk7u45\229\hotspot\src\share\vm\prims\jvm.cpp:1244
Event: 14.215 Thread 0x0096bc00 Threw 0x23f7e1a8 at C:\re\jdk7u45\229\hotspot\src\share\vm\prims\jvm.cpp:1244
Event: 14.215 Thread 0x0096bc00 Threw 0x23f7fe20 at C:\re\jdk7u45\229\hotspot\src\share\vm\prims\jvm.cpp:1244
Event: 18.907 Thread 0x0096bc00 Threw 0x24337a70 at C:\re\jdk7u45\229\hotspot\src\share\vm\prims\jvm.cpp:1244
Event: 24.814 Thread 0x0096bc00 Threw 0x2438c3d8 at C:\re\jdk7u45\229\hotspot\src\share\vm\prims\jvm.cpp:1244
Event: 39.740 Thread 0x0096bc00 Threw 0x242c3250 at C:\re\jdk7u45\229\hotspot\src\share\vm\prims\jvm.cpp:1244

Events (10 events):
Event: 238.590 Executing VM operation: GenCollectForAllocation
Event: 238.590 Executing VM operation: GenCollectForAllocation done
Event: 238.638 Executing VM operation: GenCollectForAllocation
Event: 238.638 Executing VM operation: GenCollectForAllocation done
Event: 238.686 Executing VM operation: GenCollectForAllocation
Event: 238.687 Executing VM operation: GenCollectForAllocation done
Event: 238.734 Executing VM operation: GenCollectForAllocation
Event: 238.734 Executing VM operation: GenCollectForAllocation done
Event: 238.781 Executing VM operation: GenCollectForAllocation
Event: 238.781 Executing VM operation: GenCollectForAllocation done


Dynamic libraries:
0x01070000 - 0x0109f000 	C:\Program Files (x86)\Java\jdk1.7.0_45\bin\javaw.exe
0x76f70000 - 0x770f0000 	C:\Windows\SysWOW64\ntdll.dll
0x754f0000 - 0x75600000 	C:\Windows\syswow64\kernel32.dll
0x757c0000 - 0x75807000 	C:\Windows\syswow64\KERNELBASE.dll
0x74f10000 - 0x74fb0000 	C:\Windows\syswow64\ADVAPI32.dll
0x753b0000 - 0x7545c000 	C:\Windows\syswow64\msvcrt.dll
0x75600000 - 0x75619000 	C:\Windows\SysWOW64\sechost.dll
0x74710000 - 0x74800000 	C:\Windows\syswow64\RPCRT4.dll
0x74650000 - 0x746b0000 	C:\Windows\syswow64\SspiCli.dll
0x74640000 - 0x7464c000 	C:\Windows\syswow64\CRYPTBASE.dll
0x75810000 - 0x75910000 	C:\Windows\syswow64\USER32.dll
0x74a50000 - 0x74ae0000 	C:\Windows\syswow64\GDI32.dll
0x74f00000 - 0x74f0a000 	C:\Windows\syswow64\LPK.dll
0x74cb0000 - 0x74d4d000 	C:\Windows\syswow64\USP10.dll
0x6f3c0000 - 0x6f55e000 	C:\Windows\WinSxS\x86_microsoft.windows.common-controls_6595b64144ccf1df_6.0.7601.17514_none_41e6975e2bd6f2b2\COMCTL32.dll
0x74960000 - 0x749b7000 	C:\Windows\syswow64\SHLWAPI.dll
0x756e0000 - 0x75740000 	C:\Windows\system32\IMM32.DLL
0x74d50000 - 0x74e1c000 	C:\Windows\syswow64\MSCTF.dll
0x637c0000 - 0x6387f000 	C:\Program Files (x86)\Java\jdk1.7.0_45\jre\bin\msvcr100.dll
0x60120000 - 0x604a0000 	C:\Program Files (x86)\Java\jdk1.7.0_45\jre\bin\client\jvm.dll
0x73320000 - 0x73327000 	C:\Windows\system32\WSOCK32.dll
0x74e20000 - 0x74e55000 	C:\Windows\syswow64\WS2_32.dll
0x76f40000 - 0x76f46000 	C:\Windows\syswow64\NSI.dll
0x716c0000 - 0x716f2000 	C:\Windows\system32\WINMM.dll
0x74ca0000 - 0x74ca5000 	C:\Windows\syswow64\PSAPI.DLL
0x609d0000 - 0x609dc000 	C:\Program Files (x86)\Java\jdk1.7.0_45\jre\bin\verify.dll
0x609b0000 - 0x609d0000 	C:\Program Files (x86)\Java\jdk1.7.0_45\jre\bin\java.dll
0x60990000 - 0x609a3000 	C:\Program Files (x86)\Java\jdk1.7.0_45\jre\bin\zip.dll
0x61c10000 - 0x61df6000 	D:\JAVA\GRY\ProtossXVR\ProtossXVR-driver-x86.dll
0x10000000 - 0x1002b000 	D:\PROGRAMY\Python\33\gmp-vc90-mt.dll
0x71f20000 - 0x71fc3000 	C:\Windows\WinSxS\x86_microsoft.vc90.crt_1fc8b3b9a1e18e3b_9.0.30729.4940_none_50916076bcb9a742\MSVCR90.dll
0x73080000 - 0x7310e000 	C:\Windows\WinSxS\x86_microsoft.vc90.crt_1fc8b3b9a1e18e3b_9.0.30729.4940_none_50916076bcb9a742\MSVCP90.dll
0x04580000 - 0x045c1000 	D:\PROGRAMY\Python\33\mpfr-vc90-mt.dll
0x6e990000 - 0x6ea7b000 	C:\Windows\system32\dbghelp.dll

VM Arguments:
jvm_args: -Dfile.encoding=UTF-8 
java_command: ai.core.XVRClient
Launcher Type: SUN_STANDARD

Environment Variables:
JAVA_HOME=C:\Program Files (x86)\Java\jdk1.7.0_45
PATH=C:/Program Files (x86)/Java/jdk1.7.0_45/bin/../jre/bin/client;C:/Program Files (x86)/Java/jdk1.7.0_45/bin/../jre/bin;C:/Program Files (x86)/Java/jdk1.7.0_45/bin/../jre/lib/i386;C:\Program Files (x86)\NVIDIA Corporation\PhysX\Common;C:\Program Files (x86)\Java\jdk1.7.0_45\bin\;D:\PROGRAMY\Python\33\;C:\maven\bin;C:\Program Files (x86)\CollabNet\Subversion Client;C:\Windows\system32;C:\Windows;C:\Windows\System32\Wbem;C:\Windows\System32\WindowsPowerShell\v1.0\;C:\Program Files\TortoiseSVN\bin;D:\PROGRAMY\MiKTeX 2.9\miktex\bin\;C:\mongodb\;C:\Program Files\nodejs\;D:\PROGRAMY\Git\cmd;C:\Users\Rav\AppData\Roaming\npm;D:\PROGRAMY\eclipse32;
USERNAME=Rav
OS=Windows_NT
PROCESSOR_IDENTIFIER=Intel64 Family 6 Model 15 Stepping 6, GenuineIntel



---------------  S Y S T E M  ---------------

OS: Windows 7 , 64 bit Build 7601 Service Pack 1

CPU:total 2 (2 cores per cpu, 1 threads per core) family 6 model 15 stepping 6, cmov, cx8, fxsr, mmx, sse, sse2, sse3, ssse3, tsc

Memory: 4k page, physical 8387672k(3296032k free), swap 16773480k(11214492k free)

vm_info: Java HotSpot(TM) Client VM (24.45-b08) for windows-x86 JRE (1.7.0_45-b18), built on Oct  8 2013 06:02:43 by "java_re" with unknown MS VC++:1600

time: Sun Dec 15 13:51:47 2013
elapsed time: 238 seconds

