#
# A fatal error has been detected by the Java Runtime Environment:
#
#  EXCEPTION_ACCESS_VIOLATION (0xc0000005) at pc=0x63d61b25, pid=3620, tid=4416
#
# JRE version: Java(TM) SE Runtime Environment (7.0_45-b18) (build 1.7.0_45-b18)
# Java VM: Java HotSpot(TM) Client VM (24.45-b08 mixed mode, sharing windows-x86 )
# Problematic frame:
# C  [client-bridge-x86.dll+0x1b25]
#
# Failed to write core dump. Minidumps are not enabled by default on client versions of Windows
#
# If you would like to submit a bug report, please visit:
#   http://bugreport.sun.com/bugreport/crash.jsp
# The crash happened outside the Java Virtual Machine in native code.
# See problematic frame for where to report the bug.
#

---------------  T H R E A D  ---------------

Current thread (0x00cbc000):  JavaThread "main" [_thread_in_native, id=4416, stack(0x00550000,0x005a0000)]

siginfo: ExceptionCode=0xc0000005, reading address 0x00000000

Registers:
EAX=0x00000000, EBX=0x0677d2c8, ECX=0x0677d2c8, EDX=0x63d82270
ESP=0x0059f528, EBP=0x0059f568, ESI=0x00cbc130, EDI=0x0673a210
EIP=0x63d61b25, EFLAGS=0x00010206

Top of Stack: (sp=0x0059f528)
0x0059f528:   00cbc000 3362a630 3362a630 00aeab84
0x0059f538:   00aeab78 00aeab7c 00aeab88 00aeab80
0x0059f548:   0673a210 0677d2c0 3362a630 3362a630
0x0059f558:   00cbc91c 0059f5a8 01c5a8da 00cbc000
0x0059f568:   0059f5a8 01c5a9dd 00cbc130 0059f5bc
0x0059f578:   0059f5b8 00cbc924 00cbc93c 00cbc93c
0x0059f588:   0059f588 3362a630 0059f5bc 33632388
0x0059f598:   00000000 3362a630 00000000 0059f5b8 

Instructions: (pc=0x63d61b25)
0x63d61b05:   75 49 ff 15 b8 31 ea 63 33 c0 8b 4c 24 24 3b 48
0x63d61b15:   14 75 06 ff 15 b8 31 ea 63 8b cb e8 cb a2 02 00
0x63d61b25:   8b 10 6a 00 8b c8 8b 42 04 6a 00 ff d0 8b 4c 24
0x63d61b35:   14 8b 15 8c 6e f2 63 50 6a 10 51 52 8b c6 e8 58 


Register to memory mapping:

EAX=0x00000000 is an unknown value
EBX=0x0677d2c8 is an unknown value
ECX=0x0677d2c8 is an unknown value
EDX=0x63d82270 is an unknown value
ESP=0x0059f528 is pointing into the stack for thread: 0x00cbc000
EBP=0x0059f568 is pointing into the stack for thread: 0x00cbc000
ESI=0x00cbc130 is an unknown value
EDI=0x0673a210 is an unknown value


Stack: [0x00550000,0x005a0000],  sp=0x0059f528,  free space=317k
Native frames: (J=compiled Java code, j=interpreted, Vv=VM code, C=native code)
C  [client-bridge-x86.dll+0x1b25]
j  jnibwapi.JNIBWAPI.startClient(Ljnibwapi/JNIBWAPI;)V+0
j  jnibwapi.JNIBWAPI.start()V+2
j  ai.core.XVRClient.<init>()V+46
j  ai.core.XVRClient.main([Ljava/lang/String;)V+3
v  ~StubRoutines::call_stub
V  [jvm.dll+0x13f1fa]
V  [jvm.dll+0x202aee]
V  [jvm.dll+0x13f27d]
V  [jvm.dll+0xc9945]
V  [jvm.dll+0xd45e7]
C  [javaw.exe+0x2070]
C  [javaw.exe+0xa5b1]
C  [javaw.exe+0xa63b]
C  [kernel32.dll+0x4ed5c]
C  [ntdll.dll+0x637eb]
C  [ntdll.dll+0x637be]

Java frames: (J=compiled Java code, j=interpreted, Vv=VM code)
j  jnibwapi.JNIBWAPI.startClient(Ljnibwapi/JNIBWAPI;)V+0
j  jnibwapi.JNIBWAPI.start()V+2
j  ai.core.XVRClient.<init>()V+46
j  ai.core.XVRClient.main([Ljava/lang/String;)V+3
v  ~StubRoutines::call_stub

---------------  P R O C E S S  ---------------

Java Threads: ( => current thread )
  0x00b6cc00 JavaThread "Service Thread" daemon [_thread_blocked, id=3892, stack(0x03d90000,0x03de0000)]
  0x00b62800 JavaThread "C1 CompilerThread0" daemon [_thread_blocked, id=5016, stack(0x00f40000,0x00f90000)]
  0x00b61800 JavaThread "Attach Listener" daemon [_thread_blocked, id=380, stack(0x03d40000,0x03d90000)]
  0x00b5e800 JavaThread "Signal Dispatcher" daemon [_thread_blocked, id=1792, stack(0x03ce0000,0x03d30000)]
  0x00af5000 JavaThread "Finalizer" daemon [_thread_blocked, id=3792, stack(0x00ee0000,0x00f30000)]
  0x00af0000 JavaThread "Reference Handler" daemon [_thread_blocked, id=4792, stack(0x00e00000,0x00e50000)]
=>0x00cbc000 JavaThread "main" [_thread_in_native, id=4416, stack(0x00550000,0x005a0000)]

Other Threads:
  0x00aee400 VMThread [stack: 0x00db0000,0x00e00000] [id=6124]
  0x00b75c00 WatcherThread [stack: 0x00e80000,0x00ed0000] [id=6140]

VM state:not at safepoint (normal execution)

VM Mutex/Monitor currently owned by a thread: None

Heap
 def new generation   total 4928K, used 4202K [0x23600000, 0x23b50000, 0x28b50000)
  eden space 4416K,  95% used [0x23600000, 0x23a1aa58, 0x23a50000)
  from space 512K,   0% used [0x23a50000, 0x23a50000, 0x23ad0000)
  to   space 512K,   0% used [0x23ad0000, 0x23ad0000, 0x23b50000)
 tenured generation   total 10944K, used 0K [0x28b50000, 0x29600000, 0x33600000)
   the space 10944K,   0% used [0x28b50000, 0x28b50000, 0x28b50200, 0x29600000)
 compacting perm gen  total 12288K, used 467K [0x33600000, 0x34200000, 0x37600000)
   the space 12288K,   3% used [0x33600000, 0x33674ce0, 0x33674e00, 0x34200000)
    ro space 10240K,  41% used [0x37600000, 0x37a31a78, 0x37a31c00, 0x38000000)
    rw space 12288K,  52% used [0x38000000, 0x386462c0, 0x38646400, 0x38c00000)

Card table byte_map: [0x00cc0000,0x00d70000] byte_map_base: 0x00ba5000

Polling page: 0x00350000

Code Cache  [0x01c50000, 0x01d00000, 0x03c50000)
 total_blobs=184 nmethods=50 adapters=71 free_code_cache=32091Kb largest_free_block=32861504

Compilation events (10 events):
Event: 48.011 Thread 0x00b62800   46             java.util.HashMap::hash (55 bytes)
Event: 48.011 Thread 0x00b62800 nmethod 46 0x01cf73c8 code [0x01cf74f0, 0x01cf76b8]
Event: 48.012 Thread 0x00b62800   47             java.lang.Integer::valueOf (54 bytes)
Event: 48.013 Thread 0x00b62800 nmethod 47 0x01cf7888 code [0x01cf7980, 0x01cf7a70]
Event: 48.013 Thread 0x00b62800   48             java.lang.Integer::hashCode (5 bytes)
Event: 48.013 Thread 0x00b62800 nmethod 48 0x01cf7b48 code [0x01cf7c40, 0x01cf7cc0]
Event: 48.018 Thread 0x00b62800   49             java.util.ArrayList::access$100 (5 bytes)
Event: 48.018 Thread 0x00b62800 nmethod 49 0x01cf8108 code [0x01cf8200, 0x01cf8270]
Event: 48.019 Thread 0x00b62800   50             sun.net.www.ParseUtil::encodePath (336 bytes)
Event: 48.021 Thread 0x00b62800 nmethod 50 0x01cf82c8 code [0x01cf8470, 0x01cf8b18]

GC Heap History (0 events):
No events

Deoptimization events (0 events):
No events

Internal exceptions (10 events):
Event: 48.006 Thread 0x00cbc000 Threw 0x239ca2d8 at C:\re\jdk7u45\229\hotspot\src\share\vm\prims\jvm.cpp:1244
Event: 48.008 Thread 0x00cbc000 Threw 0x239cc7d8 at C:\re\jdk7u45\229\hotspot\src\share\vm\prims\jvm.cpp:1244
Event: 48.013 Thread 0x00cbc000 Threw 0x239e68b8 at C:\re\jdk7u45\229\hotspot\src\share\vm\prims\jvm.cpp:1244
Event: 48.016 Thread 0x00cbc000 Threw 0x239e8b70 at C:\re\jdk7u45\229\hotspot\src\share\vm\prims\jvm.cpp:1244
Event: 48.018 Thread 0x00cbc000 Threw 0x239f0af8 at C:\re\jdk7u45\229\hotspot\src\share\vm\prims\jvm.cpp:1244
Event: 48.019 Thread 0x00cbc000 Threw 0x239f4490 at C:\re\jdk7u45\229\hotspot\src\share\vm\prims\jvm.cpp:1244
Event: 48.023 Thread 0x00cbc000 Threw 0x239f7af8 at C:\re\jdk7u45\229\hotspot\src\share\vm\prims\jvm.cpp:1244
Event: 48.025 Thread 0x00cbc000 Threw 0x239fb300 at C:\re\jdk7u45\229\hotspot\src\share\vm\prims\jvm.cpp:1244
Event: 48.026 Thread 0x00cbc000 Threw 0x239fd2c0 at C:\re\jdk7u45\229\hotspot\src\share\vm\prims\jvm.cpp:1244
Event: 48.027 Thread 0x00cbc000 Threw 0x239ff3a8 at C:\re\jdk7u45\229\hotspot\src\share\vm\prims\jvm.cpp:1244

Events (10 events):
Event: 48.019 loading class 0x00aefaa8
Event: 48.019 loading class 0x00aefaa8 done
Event: 48.023 loading class 0x00ba1138
Event: 48.023 loading class 0x00ba1138 done
Event: 48.025 loading class 0x00b88a78
Event: 48.025 loading class 0x00b88a78 done
Event: 48.026 loading class 0x00b88ce0
Event: 48.026 loading class 0x00b88ce0 done
Event: 48.027 loading class 0x00b9fd98
Event: 48.027 loading class 0x00b9fd98 done


Dynamic libraries:
0x01020000 - 0x0104f000 	C:\Program Files\Java\jre7\bin\javaw.exe
0x77aa0000 - 0x77bdc000 	C:\Windows\SYSTEM32\ntdll.dll
0x77bf0000 - 0x77cc4000 	C:\Windows\system32\kernel32.dll
0x75ea0000 - 0x75eeb000 	C:\Windows\system32\KERNELBASE.dll
0x76cd0000 - 0x76d70000 	C:\Windows\system32\ADVAPI32.dll
0x77020000 - 0x770cc000 	C:\Windows\system32\msvcrt.dll
0x77000000 - 0x77019000 	C:\Windows\SYSTEM32\sechost.dll
0x76f50000 - 0x76ff2000 	C:\Windows\system32\RPCRT4.dll
0x771d0000 - 0x77299000 	C:\Windows\system32\USER32.dll
0x77a50000 - 0x77a9e000 	C:\Windows\system32\GDI32.dll
0x77400000 - 0x7740a000 	C:\Windows\system32\LPK.dll
0x76eb0000 - 0x76f4d000 	C:\Windows\system32\USP10.dll
0x74b70000 - 0x74d0e000 	C:\Windows\WinSxS\x86_microsoft.windows.common-controls_6595b64144ccf1df_6.0.7601.17514_none_41e6975e2bd6f2b2\COMCTL32.dll
0x76c50000 - 0x76ca7000 	C:\Windows\system32\SHLWAPI.dll
0x76cb0000 - 0x76ccf000 	C:\Windows\system32\IMM32.DLL
0x770d0000 - 0x7719c000 	C:\Windows\system32\MSCTF.dll
0x67d80000 - 0x67e3f000 	C:\Program Files\Java\jre7\bin\msvcr100.dll
0x5e5a0000 - 0x5e920000 	C:\Program Files\Java\jre7\bin\client\jvm.dll
0x70a30000 - 0x70a37000 	C:\Windows\system32\WSOCK32.dll
0x77750000 - 0x77785000 	C:\Windows\system32\WS2_32.dll
0x77a40000 - 0x77a46000 	C:\Windows\system32\NSI.dll
0x6fa70000 - 0x6faa2000 	C:\Windows\system32\WINMM.dll
0x76c40000 - 0x76c45000 	C:\Windows\system32\PSAPI.DLL
0x74b50000 - 0x74b5c000 	C:\Program Files\Java\jre7\bin\verify.dll
0x695d0000 - 0x695f0000 	C:\Program Files\Java\jre7\bin\java.dll
0x695f0000 - 0x69603000 	C:\Program Files\Java\jre7\bin\zip.dll
0x63d60000 - 0x63f46000 	C:\Users\Rav\Desktop\JNIBWAPI Starter Pack\clean\client-bridge-x86.dll
0x10000000 - 0x1002b000 	C:\Windows\gmp-vc90-mt.dll
0x6f890000 - 0x6f933000 	C:\Windows\WinSxS\x86_microsoft.vc90.crt_1fc8b3b9a1e18e3b_9.0.30729.5570_none_509463cabcb6ef2a\MSVCR90.dll
0x6fad0000 - 0x6fb5e000 	C:\Windows\WinSxS\x86_microsoft.vc90.crt_1fc8b3b9a1e18e3b_9.0.30729.5570_none_509463cabcb6ef2a\MSVCP90.dll
0x00f90000 - 0x00fd1000 	C:\Windows\mpfr-vc90-mt.dll
0x6f7a0000 - 0x6f88b000 	C:\Windows\system32\dbghelp.dll

VM Arguments:
jvm_args: -Dfile.encoding=Cp1250 
java_command: ai.core.XVRClient
Launcher Type: SUN_STANDARD

Environment Variables:
PATH=C:/Program Files/Java/jre7/bin/client;C:/Program Files/Java/jre7/bin;C:/Program Files/Java/jre7/lib/i386;C:\Python\;C:\Windows\system32;C:\Windows;C:\Windows\System32\Wbem;C:\Windows\System32\WindowsPowerShell\v1.0\;C:\Program Files\TortoiseSVN\bin;C:\mongodb\;D:\PROGRAMY\Git\cmd;C:\Program Files\Vim\vim74\;C:\Program Files\nodejs\;D:\PROGRAMY\MiKTeX\miktex\bin\;C:\Users\Rav\AppData\Roaming\npm;D:\PROGRAMY\eclipse;
USERNAME=Rav
OS=Windows_NT
PROCESSOR_IDENTIFIER=x86 Family 6 Model 15 Stepping 6, GenuineIntel



---------------  S Y S T E M  ---------------

OS: Windows 7 Build 7601 Service Pack 1

CPU:total 2 (2 cores per cpu, 1 threads per core) family 6 model 15 stepping 6, cmov, cx8, fxsr, mmx, sse, sse2, sse3, ssse3, tsc

Memory: 4k page, physical 3135544k(696456k free), swap 3133792k(567096k free)

vm_info: Java HotSpot(TM) Client VM (24.45-b08) for windows-x86 JRE (1.7.0_45-b18), built on Oct  8 2013 06:02:43 by "java_re" with unknown MS VC++:1600

time: Sun Dec 01 21:32:51 2013
elapsed time: 96 seconds

